TN:
SF:src/index.js
FN:26,(anonymous_0)
FN:33,(anonymous_1)
FN:55,(anonymous_2)
FN:72,(anonymous_3)
FN:92,(anonymous_4)
FN:104,(anonymous_5)
FN:110,(anonymous_6)
FN:113,(anonymous_7)
FN:137,(anonymous_8)
FN:141,(anonymous_9)
FN:144,(anonymous_10)
FN:148,(anonymous_11)
FN:149,(anonymous_12)
FN:150,(anonymous_13)
FN:165,(anonymous_14)
FN:167,(anonymous_15)
FN:172,(anonymous_16)
FN:197,(anonymous_17)
FN:199,(anonymous_18)
FN:200,(anonymous_19)
FN:220,(anonymous_20)
FN:223,(anonymous_21)
FN:231,(anonymous_22)
FN:264,(anonymous_23)
FN:286,(anonymous_24)
FN:303,(anonymous_25)
FN:306,(anonymous_26)
FN:328,(anonymous_27)
FN:331,(anonymous_28)
FN:334,(anonymous_29)
FN:355,(anonymous_30)
FN:363,(anonymous_31)
FN:365,(anonymous_32)
FN:373,(anonymous_33)
FN:376,(anonymous_34)
FN:382,(anonymous_35)
FN:383,(anonymous_36)
FN:394,(anonymous_37)
FN:395,(anonymous_38)
FN:406,(anonymous_39)
FN:408,(anonymous_40)
FN:409,(anonymous_41)
FN:410,(anonymous_42)
FN:426,(anonymous_43)
FN:430,(anonymous_44)
FN:436,(anonymous_45)
FN:437,(anonymous_46)
FN:456,(anonymous_47)
FN:458,(anonymous_48)
FN:473,(anonymous_49)
FN:486,(anonymous_50)
FN:498,(anonymous_51)
FN:504,(anonymous_52)
FN:509,(anonymous_53)
FN:517,(anonymous_54)
FNF:55
FNH:47
FNDA:1,(anonymous_0)
FNDA:2,(anonymous_1)
FNDA:4,(anonymous_2)
FNDA:1,(anonymous_3)
FNDA:1,(anonymous_4)
FNDA:1,(anonymous_5)
FNDA:1,(anonymous_6)
FNDA:1,(anonymous_7)
FNDA:2,(anonymous_8)
FNDA:2,(anonymous_9)
FNDA:2,(anonymous_10)
FNDA:2,(anonymous_11)
FNDA:2,(anonymous_12)
FNDA:2,(anonymous_13)
FNDA:2,(anonymous_14)
FNDA:2,(anonymous_15)
FNDA:0,(anonymous_16)
FNDA:0,(anonymous_17)
FNDA:0,(anonymous_18)
FNDA:0,(anonymous_19)
FNDA:3,(anonymous_20)
FNDA:3,(anonymous_21)
FNDA:1,(anonymous_22)
FNDA:1,(anonymous_23)
FNDA:1,(anonymous_24)
FNDA:0,(anonymous_25)
FNDA:0,(anonymous_26)
FNDA:1,(anonymous_27)
FNDA:1,(anonymous_28)
FNDA:1,(anonymous_29)
FNDA:6,(anonymous_30)
FNDA:4,(anonymous_31)
FNDA:4,(anonymous_32)
FNDA:6,(anonymous_33)
FNDA:6,(anonymous_34)
FNDA:2,(anonymous_35)
FNDA:4,(anonymous_36)
FNDA:0,(anonymous_37)
FNDA:0,(anonymous_38)
FNDA:7,(anonymous_39)
FNDA:5,(anonymous_40)
FNDA:7,(anonymous_41)
FNDA:5,(anonymous_42)
FNDA:3,(anonymous_43)
FNDA:3,(anonymous_44)
FNDA:3,(anonymous_45)
FNDA:3,(anonymous_46)
FNDA:2,(anonymous_47)
FNDA:2,(anonymous_48)
FNDA:2,(anonymous_49)
FNDA:2,(anonymous_50)
FNDA:2,(anonymous_51)
FNDA:1,(anonymous_52)
FNDA:1,(anonymous_53)
FNDA:1,(anonymous_54)
DA:2,1
DA:3,1
DA:4,1
DA:5,1
DA:7,1
DA:8,1
DA:9,1
DA:10,1
DA:12,1
DA:13,1
DA:15,1
DA:27,1
DA:28,1
DA:29,1
DA:30,1
DA:31,1
DA:33,2
DA:37,1
DA:38,1
DA:39,1
DA:40,1
DA:56,4
DA:57,4
DA:73,1
DA:93,1
DA:94,0
DA:97,1
DA:98,0
DA:101,1
DA:103,1
DA:105,1
DA:111,1
DA:114,1
DA:115,0
DA:117,1
DA:138,2
DA:139,2
DA:140,2
DA:142,2
DA:145,2
DA:146,2
DA:148,2
DA:149,2
DA:151,2
DA:166,2
DA:168,2
DA:170,0
DA:173,0
DA:177,0
DA:182,2
DA:198,0
DA:200,0
DA:201,0
DA:221,3
DA:222,3
DA:224,3
DA:227,0
DA:232,1
DA:234,1
DA:235,0
DA:237,1
DA:239,1
DA:240,0
DA:242,1
DA:243,1
DA:244,1
DA:246,0
DA:265,1
DA:267,1
DA:269,1
DA:271,1
DA:273,1
DA:288,1
DA:289,1
DA:291,0
DA:292,1
DA:304,0
DA:305,0
DA:307,0
DA:329,1
DA:330,1
DA:332,1
DA:335,1
DA:336,0
DA:338,1
DA:339,1
DA:340,1
DA:356,6
DA:357,0
DA:362,6
DA:363,6
DA:364,4
DA:367,4
DA:374,6
DA:377,6
DA:378,6
DA:383,4
DA:395,0
DA:407,7
DA:408,7
DA:410,7
DA:411,5
DA:414,7
DA:427,3
DA:428,3
DA:430,3
DA:431,3
DA:437,3
DA:438,3
DA:439,3
DA:441,3
DA:442,3
DA:444,0
DA:457,2
DA:459,2
DA:475,2
DA:476,2
DA:487,2
DA:488,2
DA:499,2
DA:500,2
DA:505,1
DA:506,1
DA:510,1
DA:511,1
DA:512,1
DA:513,1
DA:517,1
DA:518,1
DA:519,1
DA:522,1
LF:131
LH:110
BRDA:28,0,0,1
BRDA:28,0,1,1
BRDA:29,1,0,0
BRDA:29,1,1,1
BRDA:37,2,0,1
BRDA:37,2,1,0
BRDA:93,3,0,0
BRDA:93,3,1,1
BRDA:97,4,0,0
BRDA:97,4,1,1
BRDA:114,5,0,0
BRDA:114,5,1,1
BRDA:168,6,0,0
BRDA:168,6,1,2
BRDA:173,7,0,0
BRDA:173,7,1,0
BRDA:177,8,0,0
BRDA:177,8,1,0
BRDA:234,9,0,0
BRDA:234,9,1,1
BRDA:239,10,0,0
BRDA:239,10,1,1
BRDA:288,11,0,1
BRDA:288,11,1,0
BRDA:303,12,0,0
BRDA:335,13,0,0
BRDA:335,13,1,1
BRDA:355,14,0,2
BRDA:356,15,0,0
BRDA:356,15,1,6
BRDA:407,16,0,7
BRDA:407,16,1,0
BRDA:441,17,0,3
BRDA:441,17,1,0
BRDA:441,18,0,3
BRDA:441,18,1,3
BRDA:511,19,0,1
BRDA:511,19,1,0
BRF:38
BRH:19
end_of_record
